INFO:     Will watch for changes in these directories: ['C:\\Users\\Sangam\\OneDrive\\Documents\\project_01\\fraud-detection-ml']
INFO:     Uvicorn running on http://127.0.0.1:8001 (Press CTRL+C to quit)
INFO:     Started reloader process [13148] using StatReload
Process SpawnProcess-1:
Traceback (most recent call last):
  File "C:\Users\Sangam\AppData\Local\Programs\Python\Python312\Lib\multiprocessing\process.py", line 314, in _bootstrap
    self.run()
  File "C:\Users\Sangam\AppData\Local\Programs\Python\Python312\Lib\multiprocessing\process.py", line 108, in run
    self._target(*self._args, **self._kwargs)
  File "C:\Users\Sangam\OneDrive\Documents\project_01\fraud-detection-ml\.venv\Lib\site-packages\uvicorn\_subprocess.py", line 80, in subprocess_started
    target(sockets=sockets)
  File "C:\Users\Sangam\OneDrive\Documents\project_01\fraud-detection-ml\.venv\Lib\site-packages\uvicorn\server.py", line 74, in run
    return asyncio_run(self.serve(sockets=sockets), loop_factory=self.config.get_loop_factory())
           ^^^^^^^^^^^^^^^^^^^^^^^^^^^^^^^^^^^^^^^^^^^^^^^^^^^^^^^^^^^^^^^^^^^^^^^^^^^^^^^^^^^^^
  File "C:\Users\Sangam\AppData\Local\Programs\Python\Python312\Lib\asyncio\runners.py", line 194, in run
    return runner.run(main)
           ^^^^^^^^^^^^^^^^
  File "C:\Users\Sangam\AppData\Local\Programs\Python\Python312\Lib\asyncio\runners.py", line 118, in run
    return self._loop.run_until_complete(task)
           ^^^^^^^^^^^^^^^^^^^^^^^^^^^^^^^^^^^
  File "C:\Users\Sangam\AppData\Local\Programs\Python\Python312\Lib\asyncio\base_events.py", line 685, in run_until_complete
    return future.result()
           ^^^^^^^^^^^^^^^
  File "C:\Users\Sangam\OneDrive\Documents\project_01\fraud-detection-ml\.venv\Lib\site-packages\uvicorn\server.py", line 78, in serve
    await self._serve(sockets)
  File "C:\Users\Sangam\OneDrive\Documents\project_01\fraud-detection-ml\.venv\Lib\site-packages\uvicorn\server.py", line 85, in _serve
    config.load()
  File "C:\Users\Sangam\OneDrive\Documents\project_01\fraud-detection-ml\.venv\Lib\site-packages\uvicorn\config.py", line 493, in load
    self.loaded_app = self.load_app()
                      ^^^^^^^^^^^^^^^
  File "C:\Users\Sangam\OneDrive\Documents\project_01\fraud-detection-ml\.venv\Lib\site-packages\uvicorn\config.py", line 427, in load_app
    return import_from_string(self.app)
           ^^^^^^^^^^^^^^^^^^^^^^^^^^^^
  File "C:\Users\Sangam\OneDrive\Documents\project_01\fraud-detection-ml\.venv\Lib\site-packages\uvicorn\importer.py", line 22, in import_from_string
    raise exc from None
  File "C:\Users\Sangam\OneDrive\Documents\project_01\fraud-detection-ml\.venv\Lib\site-packages\uvicorn\importer.py", line 19, in import_from_string
    module = importlib.import_module(module_str)
             ^^^^^^^^^^^^^^^^^^^^^^^^^^^^^^^^^^^
  File "C:\Users\Sangam\AppData\Local\Programs\Python\Python312\Lib\importlib\__init__.py", line 90, in import_module
    return _bootstrap._gcd_import(name[level:], package, level)
           ^^^^^^^^^^^^^^^^^^^^^^^^^^^^^^^^^^^^^^^^^^^^^^^^^^^^
  File "<frozen importlib._bootstrap>", line 1387, in _gcd_import
  File "<frozen importlib._bootstrap>", line 1360, in _find_and_load
  File "<frozen importlib._bootstrap>", line 1331, in _find_and_load_unlocked
  File "<frozen importlib._bootstrap>", line 935, in _load_unlocked
  File "<frozen importlib._bootstrap_external>", line 995, in exec_module
  File "<frozen importlib._bootstrap>", line 488, in _call_with_frames_removed
  File "C:\Users\Sangam\OneDrive\Documents\project_01\fraud-detection-ml\backend\main.py", line 7, in <module>
    from schemas import TransactionRequest, TransactionResponse
ModuleNotFoundError: No module named 'schemas'
